<?xml version="1.0" encoding="UTF-8"?>
<testsuite name="Model.Double.DoubleStackTest" tests="13" skipped="0" failures="0" errors="0" timestamp="2021-01-14T11:24:27" hostname="localhost.localdomain" time="0.008">
  <properties/>
  <testcase name="doOperationMoins" classname="Model.Double.DoubleStackTest" time="0.001"/>
  <testcase name="isOperatorDivision" classname="Model.Double.DoubleStackTest" time="0.0"/>
  <testcase name="doOperationModulo" classname="Model.Double.DoubleStackTest" time="0.0"/>
  <testcase name="isOperatorPuissance" classname="Model.Double.DoubleStackTest" time="0.001"/>
  <testcase name="isOperatorMoins" classname="Model.Double.DoubleStackTest" time="0.0"/>
  <testcase name="isOperatorFois" classname="Model.Double.DoubleStackTest" time="0.0"/>
  <testcase name="isOperatorPlus" classname="Model.Double.DoubleStackTest" time="0.0"/>
  <testcase name="doOperationDivision" classname="Model.Double.DoubleStackTest" time="0.001"/>
  <testcase name="isOperatorModulo" classname="Model.Double.DoubleStackTest" time="0.001"/>
  <testcase name="doOperationFois" classname="Model.Double.DoubleStackTest" time="0.0"/>
  <testcase name="doOperationPlus" classname="Model.Double.DoubleStackTest" time="0.0"/>
  <testcase name="doOperationPuissance" classname="Model.Double.DoubleStackTest" time="0.001"/>
  <testcase name="getValue" classname="Model.Double.DoubleStackTest" time="0.0"/>
  <system-out><![CDATA[]]></system-out>
  <system-err><![CDATA[]]></system-err>
</testsuite>
