<?xml version="1.0" encoding="UTF-8"?>
<testsuite name="Model.Double.OperatorDoubleTest" tests="6" skipped="0" failures="0" errors="0" timestamp="2021-01-14T11:24:27" hostname="localhost.localdomain" time="0.005">
  <properties/>
  <testcase name="getOperatorPuissance" classname="Model.Double.OperatorDoubleTest" time="0.001"/>
  <testcase name="getOperatorDivision" classname="Model.Double.OperatorDoubleTest" time="0.001"/>
  <testcase name="getOperatorMoins" classname="Model.Double.OperatorDoubleTest" time="0.0"/>
  <testcase name="getOperatorPlus" classname="Model.Double.OperatorDoubleTest" time="0.0"/>
  <testcase name="getOperatorMultiplie" classname="Model.Double.OperatorDoubleTest" time="0.001"/>
  <testcase name="getOperatorModulo" classname="Model.Double.OperatorDoubleTest" time="0.0"/>
  <system-out><![CDATA[]]></system-out>
  <system-err><![CDATA[]]></system-err>
</testsuite>
