<?xml version="1.0" encoding="UTF-8"?>
<testsuite name="Model.Fraction.OperatorFractionTest" tests="4" skipped="0" failures="0" errors="0" timestamp="2021-01-14T11:24:27" hostname="localhost.localdomain" time="0.002">
  <properties/>
  <testcase name="getOperatorDivision" classname="Model.Fraction.OperatorFractionTest" time="0.001"/>
  <testcase name="getOperatorMoins" classname="Model.Fraction.OperatorFractionTest" time="0.0"/>
  <testcase name="getOperatorPlus" classname="Model.Fraction.OperatorFractionTest" time="0.0"/>
  <testcase name="getOperatorMultiplie" classname="Model.Fraction.OperatorFractionTest" time="0.0"/>
  <system-out><![CDATA[]]></system-out>
  <system-err><![CDATA[]]></system-err>
</testsuite>
