<?xml version="1.0" encoding="UTF-8"?>
<testsuite name="Model.Set.SetStackTest" tests="7" skipped="0" failures="0" errors="0" timestamp="2021-01-14T11:24:27" hostname="localhost.localdomain" time="0.015">
  <properties/>
  <testcase name="doOperationInter" classname="Model.Set.SetStackTest" time="0.004"/>
  <testcase name="doOperationUnion" classname="Model.Set.SetStackTest" time="0.003"/>
  <testcase name="isOperatorInter" classname="Model.Set.SetStackTest" time="0.001"/>
  <testcase name="isOperatorUnion" classname="Model.Set.SetStackTest" time="0.0"/>
  <testcase name="isOperatorDiff" classname="Model.Set.SetStackTest" time="0.0"/>
  <testcase name="doOperationDiff" classname="Model.Set.SetStackTest" time="0.003"/>
  <testcase name="getValue" classname="Model.Set.SetStackTest" time="0.002"/>
  <system-out><![CDATA[]]></system-out>
  <system-err><![CDATA[]]></system-err>
</testsuite>
