<?xml version="1.0" encoding="UTF-8"?>
<testsuite name="Model.Set.OperatorSetTest" tests="3" skipped="0" failures="0" errors="0" timestamp="2021-01-14T11:24:27" hostname="localhost.localdomain" time="0.001">
  <properties/>
  <testcase name="getOperatorInter" classname="Model.Set.OperatorSetTest" time="0.0"/>
  <testcase name="getOperatorUnion" classname="Model.Set.OperatorSetTest" time="0.0"/>
  <testcase name="getOperatorComple" classname="Model.Set.OperatorSetTest" time="0.0"/>
  <system-out><![CDATA[]]></system-out>
  <system-err><![CDATA[]]></system-err>
</testsuite>
