<?xml version="1.0" encoding="UTF-8"?>
<testsuite name="Calculatrice.AppTest" tests="1" skipped="0" failures="0" errors="0" timestamp="2021-01-14T11:24:27" hostname="localhost.localdomain" time="0.045">
  <properties/>
  <testcase name="calculateAlgebr" classname="Calculatrice.AppTest" time="0.045"/>
  <system-out><![CDATA[]]></system-out>
  <system-err><![CDATA[]]></system-err>
</testsuite>
