<?xml version="1.0" encoding="UTF-8"?>
<testsuite name="Model.Boolean.OperatorBooleanTest" tests="3" skipped="0" failures="0" errors="0" timestamp="2021-01-14T11:24:27" hostname="localhost.localdomain" time="0.002">
  <properties/>
  <testcase name="getOperatorNot" classname="Model.Boolean.OperatorBooleanTest" time="0.0"/>
  <testcase name="getOperatorEt" classname="Model.Boolean.OperatorBooleanTest" time="0.0"/>
  <testcase name="getOperatorOu" classname="Model.Boolean.OperatorBooleanTest" time="0.0"/>
  <system-out><![CDATA[]]></system-out>
  <system-err><![CDATA[]]></system-err>
</testsuite>
